{"D:\\diego\\UCB\\semestre5 year3\\Taller-de-Software-I\\Plan-de-Cuotas\\Plan-de-Cuotas-de-Credito-Bancario\\credit-mvp\\src\\services\\paymentPlanService.js": {"path":"D:\\diego\\UCB\\semestre5 year3\\Taller-de-Software-I\\Plan-de-Cuotas\\Plan-de-Cuotas-de-Credito-Bancario\\credit-mvp\\src\\services\\paymentPlanService.js","statementMap":{"0":{"start":{"line":1,"column":32},"end":{"line":41,"column":1}},"1":{"start":{"line":2,"column":2},"end":{"line":2,"column":53}},"2":{"start":{"line":4,"column":22},"end":{"line":4,"column":37}},"3":{"start":{"line":6,"column":4},"end":{"line":8,"column":47}},"4":{"start":{"line":10,"column":25},"end":{"line":10,"column":31}},"5":{"start":{"line":12,"column":19},"end":{"line":12,"column":21}},"6":{"start":{"line":14,"column":2},"end":{"line":32,"column":3}},"7":{"start":{"line":14,"column":15},"end":{"line":14,"column":16}},"8":{"start":{"line":15,"column":28},"end":{"line":15,"column":58}},"9":{"start":{"line":16,"column":27},"end":{"line":16,"column":61}},"10":{"start":{"line":18,"column":4},"end":{"line":18,"column":39}},"11":{"start":{"line":20,"column":20},"end":{"line":20,"column":30}},"12":{"start":{"line":21,"column":4},"end":{"line":21,"column":45}},"13":{"start":{"line":23,"column":4},"end":{"line":31,"column":7}},"14":{"start":{"line":34,"column":21},"end":{"line":34,"column":50}},"15":{"start":{"line":36,"column":2},"end":{"line":40,"column":4}},"16":{"start":{"line":43,"column":34},"end":{"line":55,"column":1}},"17":{"start":{"line":44,"column":2},"end":{"line":46,"column":3}},"18":{"start":{"line":45,"column":4},"end":{"line":45,"column":63}},"19":{"start":{"line":48,"column":2},"end":{"line":50,"column":3}},"20":{"start":{"line":49,"column":4},"end":{"line":49,"column":54}},"21":{"start":{"line":52,"column":2},"end":{"line":54,"column":3}},"22":{"start":{"line":53,"column":4},"end":{"line":53,"column":67}},"23":{"start":{"line":57,"column":38},"end":{"line":88,"column":1}},"24":{"start":{"line":58,"column":2},"end":{"line":60,"column":3}},"25":{"start":{"line":59,"column":4},"end":{"line":59,"column":43}},"26":{"start":{"line":62,"column":24},"end":{"line":62,"column":43}},"27":{"start":{"line":63,"column":21},"end":{"line":63,"column":43}},"28":{"start":{"line":64,"column":27},"end":{"line":64,"column":50}},"29":{"start":{"line":66,"column":19},"end":{"line":66,"column":21}},"30":{"start":{"line":68,"column":2},"end":{"line":81,"column":3}},"31":{"start":{"line":68,"column":15},"end":{"line":68,"column":16}},"32":{"start":{"line":69,"column":20},"end":{"line":69,"column":30}},"33":{"start":{"line":70,"column":4},"end":{"line":70,"column":45}},"34":{"start":{"line":72,"column":4},"end":{"line":80,"column":7}},"35":{"start":{"line":83,"column":2},"end":{"line":87,"column":4}},"36":{"start":{"line":90,"column":26},"end":{"line":171,"column":1}},"37":{"start":{"line":91,"column":2},"end":{"line":99,"column":3}},"38":{"start":{"line":97,"column":4},"end":{"line":97,"column":56}},"39":{"start":{"line":98,"column":4},"end":{"line":98,"column":11}},"40":{"start":{"line":101,"column":2},"end":{"line":104,"column":3}},"41":{"start":{"line":102,"column":4},"end":{"line":102,"column":56}},"42":{"start":{"line":103,"column":4},"end":{"line":103,"column":11}},"43":{"start":{"line":106,"column":21},"end":{"line":106,"column":55}},"44":{"start":{"line":108,"column":2},"end":{"line":111,"column":3}},"45":{"start":{"line":109,"column":4},"end":{"line":109,"column":55}},"46":{"start":{"line":110,"column":4},"end":{"line":110,"column":11}},"47":{"start":{"line":113,"column":17},"end":{"line":113,"column":39}},"48":{"start":{"line":114,"column":21},"end":{"line":114,"column":47}},"49":{"start":{"line":117,"column":4},"end":{"line":119,"column":56}},"50":{"start":{"line":121,"column":53},"end":{"line":121,"column":59}},"51":{"start":{"line":123,"column":47},"end":{"line":137,"column":13}},"52":{"start":{"line":139,"column":2},"end":{"line":143,"column":3}},"53":{"start":{"line":140,"column":4},"end":{"line":140,"column":27}},"54":{"start":{"line":141,"column":4},"end":{"line":141,"column":29}},"55":{"start":{"line":142,"column":4},"end":{"line":142,"column":11}},"56":{"start":{"line":145,"column":22},"end":{"line":145,"column":33}},"57":{"start":{"line":147,"column":31},"end":{"line":156,"column":5}},"58":{"start":{"line":147,"column":55},"end":{"line":156,"column":3}},"59":{"start":{"line":158,"column":38},"end":{"line":160,"column":33}},"60":{"start":{"line":162,"column":2},"end":{"line":166,"column":3}},"61":{"start":{"line":163,"column":4},"end":{"line":163,"column":34}},"62":{"start":{"line":164,"column":4},"end":{"line":164,"column":36}},"63":{"start":{"line":165,"column":4},"end":{"line":165,"column":11}},"64":{"start":{"line":168,"column":2},"end":{"line":168,"column":37}},"65":{"start":{"line":170,"column":2},"end":{"line":170,"column":21}}},"fnMap":{"0":{"name":"(anonymous_0)","decl":{"start":{"line":1,"column":32},"end":{"line":1,"column":33}},"loc":{"start":{"line":1,"column":68},"end":{"line":41,"column":1}},"line":1},"1":{"name":"(anonymous_1)","decl":{"start":{"line":43,"column":34},"end":{"line":43,"column":35}},"loc":{"start":{"line":43,"column":70},"end":{"line":55,"column":1}},"line":43},"2":{"name":"(anonymous_2)","decl":{"start":{"line":57,"column":38},"end":{"line":57,"column":39}},"loc":{"start":{"line":57,"column":74},"end":{"line":88,"column":1}},"line":57},"3":{"name":"(anonymous_3)","decl":{"start":{"line":90,"column":26},"end":{"line":90,"column":27}},"loc":{"start":{"line":90,"column":38},"end":{"line":171,"column":1}},"line":90},"4":{"name":"(anonymous_4)","decl":{"start":{"line":147,"column":44},"end":{"line":147,"column":45}},"loc":{"start":{"line":147,"column":55},"end":{"line":156,"column":3}},"line":147}},"branchMap":{"0":{"loc":{"start":{"line":28,"column":24},"end":{"line":28,"column":67}},"type":"cond-expr","locations":[{"start":{"line":28,"column":47},"end":{"line":28,"column":48}},{"start":{"line":28,"column":51},"end":{"line":28,"column":67}}],"line":28},"1":{"loc":{"start":{"line":44,"column":2},"end":{"line":46,"column":3}},"type":"if","locations":[{"start":{"line":44,"column":2},"end":{"line":46,"column":3}},{"start":{},"end":{}}],"line":44},"2":{"loc":{"start":{"line":48,"column":2},"end":{"line":50,"column":3}},"type":"if","locations":[{"start":{"line":48,"column":2},"end":{"line":50,"column":3}},{"start":{},"end":{}}],"line":48},"3":{"loc":{"start":{"line":52,"column":2},"end":{"line":54,"column":3}},"type":"if","locations":[{"start":{"line":52,"column":2},"end":{"line":54,"column":3}},{"start":{},"end":{}}],"line":52},"4":{"loc":{"start":{"line":58,"column":2},"end":{"line":60,"column":3}},"type":"if","locations":[{"start":{"line":58,"column":2},"end":{"line":60,"column":3}},{"start":{},"end":{}}],"line":58},"5":{"loc":{"start":{"line":91,"column":2},"end":{"line":99,"column":3}},"type":"if","locations":[{"start":{"line":91,"column":2},"end":{"line":99,"column":3}},{"start":{},"end":{}}],"line":91},"6":{"loc":{"start":{"line":92,"column":4},"end":{"line":95,"column":25}},"type":"binary-expr","locations":[{"start":{"line":92,"column":4},"end":{"line":92,"column":22}},{"start":{"line":93,"column":4},"end":{"line":93,"column":19}},{"start":{"line":94,"column":4},"end":{"line":94,"column":23}},{"start":{"line":95,"column":4},"end":{"line":95,"column":25}}],"line":92},"7":{"loc":{"start":{"line":101,"column":2},"end":{"line":104,"column":3}},"type":"if","locations":[{"start":{"line":101,"column":2},"end":{"line":104,"column":3}},{"start":{},"end":{}}],"line":101},"8":{"loc":{"start":{"line":108,"column":2},"end":{"line":111,"column":3}},"type":"if","locations":[{"start":{"line":108,"column":2},"end":{"line":111,"column":3}},{"start":{},"end":{}}],"line":108},"9":{"loc":{"start":{"line":108,"column":6},"end":{"line":108,"column":43}},"type":"binary-expr","locations":[{"start":{"line":108,"column":6},"end":{"line":108,"column":21}},{"start":{"line":108,"column":25},"end":{"line":108,"column":43}}],"line":108},"10":{"loc":{"start":{"line":117,"column":4},"end":{"line":119,"column":56}},"type":"cond-expr","locations":[{"start":{"line":118,"column":8},"end":{"line":118,"column":62}},{"start":{"line":119,"column":8},"end":{"line":119,"column":56}}],"line":117},"11":{"loc":{"start":{"line":139,"column":2},"end":{"line":143,"column":3}},"type":"if","locations":[{"start":{"line":139,"column":2},"end":{"line":143,"column":3}},{"start":{},"end":{}}],"line":139},"12":{"loc":{"start":{"line":162,"column":2},"end":{"line":166,"column":3}},"type":"if","locations":[{"start":{"line":162,"column":2},"end":{"line":166,"column":3}},{"start":{},"end":{}}],"line":162}},"s":{"0":2,"1":2,"2":1,"3":1,"4":1,"5":1,"6":1,"7":1,"8":12,"9":12,"10":12,"11":12,"12":12,"13":12,"14":1,"15":1,"16":2,"17":3,"18":1,"19":2,"20":0,"21":2,"22":1,"23":2,"24":1,"25":0,"26":1,"27":1,"28":1,"29":1,"30":1,"31":1,"32":10,"33":10,"34":10,"35":1,"36":2,"37":0,"38":0,"39":0,"40":0,"41":0,"42":0,"43":0,"44":0,"45":0,"46":0,"47":0,"48":0,"49":0,"50":0,"51":0,"52":0,"53":0,"54":0,"55":0,"56":0,"57":0,"58":0,"59":0,"60":0,"61":0,"62":0,"63":0,"64":0,"65":0},"f":{"0":2,"1":3,"2":1,"3":0,"4":0},"b":{"0":[0,12],"1":[1,2],"2":[0,2],"3":[1,1],"4":[0,1],"5":[0,0],"6":[0,0,0,0],"7":[0,0],"8":[0,0],"9":[0,0],"10":[0,0],"11":[0,0],"12":[0,0]},"_coverageSchema":"1a1c01bbd47fc00a2c39e90264f33305004495a9","hash":"a06d3597dd008f1c77fe08f9b61add95d91b032b"}
}
