{"D:\\diego\\UCB\\semestre5 year3\\Taller-de-Software-I\\Plan-de-Cuotas\\Plan-de-Cuotas-de-Credito-Bancario\\credit-mvp\\src\\services\\paymentPlanService.js": {"path":"D:\\diego\\UCB\\semestre5 year3\\Taller-de-Software-I\\Plan-de-Cuotas\\Plan-de-Cuotas-de-Credito-Bancario\\credit-mvp\\src\\services\\paymentPlanService.js","statementMap":{"0":{"start":{"line":1,"column":32},"end":{"line":52,"column":1}},"1":{"start":{"line":2,"column":22},"end":{"line":2,"column":37}},"2":{"start":{"line":4,"column":4},"end":{"line":6,"column":47}},"3":{"start":{"line":8,"column":25},"end":{"line":8,"column":31}},"4":{"start":{"line":10,"column":19},"end":{"line":10,"column":21}},"5":{"start":{"line":12,"column":2},"end":{"line":30,"column":3}},"6":{"start":{"line":12,"column":15},"end":{"line":12,"column":16}},"7":{"start":{"line":13,"column":28},"end":{"line":13,"column":58}},"8":{"start":{"line":14,"column":27},"end":{"line":14,"column":61}},"9":{"start":{"line":16,"column":4},"end":{"line":16,"column":39}},"10":{"start":{"line":18,"column":20},"end":{"line":18,"column":30}},"11":{"start":{"line":19,"column":4},"end":{"line":19,"column":45}},"12":{"start":{"line":21,"column":4},"end":{"line":29,"column":7}},"13":{"start":{"line":32,"column":21},"end":{"line":32,"column":50}},"14":{"start":{"line":34,"column":2},"end":{"line":36,"column":3}},"15":{"start":{"line":35,"column":4},"end":{"line":35,"column":51}},"16":{"start":{"line":38,"column":2},"end":{"line":40,"column":3}},"17":{"start":{"line":39,"column":4},"end":{"line":39,"column":54}},"18":{"start":{"line":42,"column":2},"end":{"line":44,"column":3}},"19":{"start":{"line":43,"column":4},"end":{"line":43,"column":67}},"20":{"start":{"line":47,"column":2},"end":{"line":51,"column":4}},"21":{"start":{"line":54,"column":38},"end":{"line":85,"column":1}},"22":{"start":{"line":55,"column":2},"end":{"line":57,"column":3}},"23":{"start":{"line":56,"column":4},"end":{"line":56,"column":43}},"24":{"start":{"line":59,"column":24},"end":{"line":59,"column":43}},"25":{"start":{"line":60,"column":21},"end":{"line":60,"column":43}},"26":{"start":{"line":61,"column":27},"end":{"line":61,"column":50}},"27":{"start":{"line":63,"column":19},"end":{"line":63,"column":21}},"28":{"start":{"line":65,"column":2},"end":{"line":78,"column":3}},"29":{"start":{"line":65,"column":15},"end":{"line":65,"column":16}},"30":{"start":{"line":66,"column":20},"end":{"line":66,"column":30}},"31":{"start":{"line":67,"column":4},"end":{"line":67,"column":45}},"32":{"start":{"line":69,"column":4},"end":{"line":77,"column":7}},"33":{"start":{"line":80,"column":2},"end":{"line":84,"column":4}},"34":{"start":{"line":87,"column":26},"end":{"line":168,"column":1}},"35":{"start":{"line":88,"column":2},"end":{"line":96,"column":3}},"36":{"start":{"line":94,"column":4},"end":{"line":94,"column":56}},"37":{"start":{"line":95,"column":4},"end":{"line":95,"column":11}},"38":{"start":{"line":98,"column":2},"end":{"line":101,"column":3}},"39":{"start":{"line":99,"column":4},"end":{"line":99,"column":56}},"40":{"start":{"line":100,"column":4},"end":{"line":100,"column":11}},"41":{"start":{"line":103,"column":21},"end":{"line":103,"column":55}},"42":{"start":{"line":105,"column":2},"end":{"line":108,"column":3}},"43":{"start":{"line":106,"column":4},"end":{"line":106,"column":55}},"44":{"start":{"line":107,"column":4},"end":{"line":107,"column":11}},"45":{"start":{"line":110,"column":17},"end":{"line":110,"column":39}},"46":{"start":{"line":111,"column":21},"end":{"line":111,"column":47}},"47":{"start":{"line":114,"column":4},"end":{"line":116,"column":56}},"48":{"start":{"line":118,"column":53},"end":{"line":118,"column":59}},"49":{"start":{"line":120,"column":47},"end":{"line":134,"column":13}},"50":{"start":{"line":136,"column":2},"end":{"line":140,"column":3}},"51":{"start":{"line":137,"column":4},"end":{"line":137,"column":27}},"52":{"start":{"line":138,"column":4},"end":{"line":138,"column":29}},"53":{"start":{"line":139,"column":4},"end":{"line":139,"column":11}},"54":{"start":{"line":142,"column":22},"end":{"line":142,"column":33}},"55":{"start":{"line":144,"column":31},"end":{"line":153,"column":5}},"56":{"start":{"line":144,"column":55},"end":{"line":153,"column":3}},"57":{"start":{"line":155,"column":38},"end":{"line":157,"column":33}},"58":{"start":{"line":159,"column":2},"end":{"line":163,"column":3}},"59":{"start":{"line":160,"column":4},"end":{"line":160,"column":34}},"60":{"start":{"line":161,"column":4},"end":{"line":161,"column":36}},"61":{"start":{"line":162,"column":4},"end":{"line":162,"column":11}},"62":{"start":{"line":165,"column":2},"end":{"line":165,"column":37}},"63":{"start":{"line":167,"column":2},"end":{"line":167,"column":21}}},"fnMap":{"0":{"name":"(anonymous_0)","decl":{"start":{"line":1,"column":32},"end":{"line":1,"column":33}},"loc":{"start":{"line":1,"column":68},"end":{"line":52,"column":1}},"line":1},"1":{"name":"(anonymous_1)","decl":{"start":{"line":54,"column":38},"end":{"line":54,"column":39}},"loc":{"start":{"line":54,"column":74},"end":{"line":85,"column":1}},"line":54},"2":{"name":"(anonymous_2)","decl":{"start":{"line":87,"column":26},"end":{"line":87,"column":27}},"loc":{"start":{"line":87,"column":38},"end":{"line":168,"column":1}},"line":87},"3":{"name":"(anonymous_3)","decl":{"start":{"line":144,"column":44},"end":{"line":144,"column":45}},"loc":{"start":{"line":144,"column":55},"end":{"line":153,"column":3}},"line":144}},"branchMap":{"0":{"loc":{"start":{"line":26,"column":24},"end":{"line":26,"column":67}},"type":"cond-expr","locations":[{"start":{"line":26,"column":47},"end":{"line":26,"column":48}},{"start":{"line":26,"column":51},"end":{"line":26,"column":67}}],"line":26},"1":{"loc":{"start":{"line":34,"column":2},"end":{"line":36,"column":3}},"type":"if","locations":[{"start":{"line":34,"column":2},"end":{"line":36,"column":3}},{"start":{},"end":{}}],"line":34},"2":{"loc":{"start":{"line":38,"column":2},"end":{"line":40,"column":3}},"type":"if","locations":[{"start":{"line":38,"column":2},"end":{"line":40,"column":3}},{"start":{},"end":{}}],"line":38},"3":{"loc":{"start":{"line":42,"column":2},"end":{"line":44,"column":3}},"type":"if","locations":[{"start":{"line":42,"column":2},"end":{"line":44,"column":3}},{"start":{},"end":{}}],"line":42},"4":{"loc":{"start":{"line":55,"column":2},"end":{"line":57,"column":3}},"type":"if","locations":[{"start":{"line":55,"column":2},"end":{"line":57,"column":3}},{"start":{},"end":{}}],"line":55},"5":{"loc":{"start":{"line":88,"column":2},"end":{"line":96,"column":3}},"type":"if","locations":[{"start":{"line":88,"column":2},"end":{"line":96,"column":3}},{"start":{},"end":{}}],"line":88},"6":{"loc":{"start":{"line":89,"column":4},"end":{"line":92,"column":25}},"type":"binary-expr","locations":[{"start":{"line":89,"column":4},"end":{"line":89,"column":22}},{"start":{"line":90,"column":4},"end":{"line":90,"column":19}},{"start":{"line":91,"column":4},"end":{"line":91,"column":23}},{"start":{"line":92,"column":4},"end":{"line":92,"column":25}}],"line":89},"7":{"loc":{"start":{"line":98,"column":2},"end":{"line":101,"column":3}},"type":"if","locations":[{"start":{"line":98,"column":2},"end":{"line":101,"column":3}},{"start":{},"end":{}}],"line":98},"8":{"loc":{"start":{"line":105,"column":2},"end":{"line":108,"column":3}},"type":"if","locations":[{"start":{"line":105,"column":2},"end":{"line":108,"column":3}},{"start":{},"end":{}}],"line":105},"9":{"loc":{"start":{"line":105,"column":6},"end":{"line":105,"column":43}},"type":"binary-expr","locations":[{"start":{"line":105,"column":6},"end":{"line":105,"column":21}},{"start":{"line":105,"column":25},"end":{"line":105,"column":43}}],"line":105},"10":{"loc":{"start":{"line":114,"column":4},"end":{"line":116,"column":56}},"type":"cond-expr","locations":[{"start":{"line":115,"column":8},"end":{"line":115,"column":62}},{"start":{"line":116,"column":8},"end":{"line":116,"column":56}}],"line":114},"11":{"loc":{"start":{"line":136,"column":2},"end":{"line":140,"column":3}},"type":"if","locations":[{"start":{"line":136,"column":2},"end":{"line":140,"column":3}},{"start":{},"end":{}}],"line":136},"12":{"loc":{"start":{"line":159,"column":2},"end":{"line":163,"column":3}},"type":"if","locations":[{"start":{"line":159,"column":2},"end":{"line":163,"column":3}},{"start":{},"end":{}}],"line":159}},"s":{"0":1,"1":1,"2":1,"3":1,"4":1,"5":1,"6":1,"7":6,"8":6,"9":6,"10":6,"11":6,"12":6,"13":1,"14":1,"15":0,"16":1,"17":0,"18":1,"19":0,"20":1,"21":1,"22":0,"23":0,"24":0,"25":0,"26":0,"27":0,"28":0,"29":0,"30":0,"31":0,"32":0,"33":0,"34":1,"35":0,"36":0,"37":0,"38":0,"39":0,"40":0,"41":0,"42":0,"43":0,"44":0,"45":0,"46":0,"47":0,"48":0,"49":0,"50":0,"51":0,"52":0,"53":0,"54":0,"55":0,"56":0,"57":0,"58":0,"59":0,"60":0,"61":0,"62":0,"63":0},"f":{"0":1,"1":0,"2":0,"3":0},"b":{"0":[0,6],"1":[0,1],"2":[0,1],"3":[0,1],"4":[0,0],"5":[0,0],"6":[0,0,0,0],"7":[0,0],"8":[0,0],"9":[0,0],"10":[0,0],"11":[0,0],"12":[0,0]},"_coverageSchema":"1a1c01bbd47fc00a2c39e90264f33305004495a9","hash":"b479759df154b411a817f80a72ff702237afddc0"}
}
