TN:
SF:src\services\paymentPlanService.js
FN:1,(anonymous_0)
FN:43,(anonymous_1)
FN:57,(anonymous_2)
FN:90,(anonymous_3)
FN:147,(anonymous_4)
FNF:5
FNH:3
FNDA:2,(anonymous_0)
FNDA:3,(anonymous_1)
FNDA:1,(anonymous_2)
FNDA:0,(anonymous_3)
FNDA:0,(anonymous_4)
DA:1,2
DA:2,2
DA:4,1
DA:6,1
DA:10,1
DA:12,1
DA:14,1
DA:15,12
DA:16,12
DA:18,12
DA:20,12
DA:21,12
DA:23,12
DA:34,1
DA:36,1
DA:43,2
DA:44,3
DA:45,1
DA:48,2
DA:49,0
DA:52,2
DA:53,1
DA:57,2
DA:58,1
DA:59,0
DA:62,1
DA:63,1
DA:64,1
DA:66,1
DA:68,1
DA:69,10
DA:70,10
DA:72,10
DA:83,1
DA:90,2
DA:91,0
DA:97,0
DA:98,0
DA:101,0
DA:102,0
DA:103,0
DA:106,0
DA:108,0
DA:109,0
DA:110,0
DA:113,0
DA:114,0
DA:117,0
DA:121,0
DA:123,0
DA:139,0
DA:140,0
DA:141,0
DA:142,0
DA:145,0
DA:147,0
DA:158,0
DA:162,0
DA:163,0
DA:164,0
DA:165,0
DA:168,0
DA:170,0
LF:63
LH:33
BRDA:28,0,0,0
BRDA:28,0,1,12
BRDA:44,1,0,1
BRDA:44,1,1,2
BRDA:48,2,0,0
BRDA:48,2,1,2
BRDA:52,3,0,1
BRDA:52,3,1,1
BRDA:58,4,0,0
BRDA:58,4,1,1
BRDA:91,5,0,0
BRDA:91,5,1,0
BRDA:92,6,0,0
BRDA:92,6,1,0
BRDA:92,6,2,0
BRDA:92,6,3,0
BRDA:101,7,0,0
BRDA:101,7,1,0
BRDA:108,8,0,0
BRDA:108,8,1,0
BRDA:108,9,0,0
BRDA:108,9,1,0
BRDA:117,10,0,0
BRDA:117,10,1,0
BRDA:139,11,0,0
BRDA:139,11,1,0
BRDA:162,12,0,0
BRDA:162,12,1,0
BRF:28
BRH:7
end_of_record
